<?xml version="1.0" encoding="UTF-8"?>
<testng-results ignored="0" total="4" passed="4" failed="0" skipped="0">
  <reporter-output>
  </reporter-output>
  <suite started-at="2023-03-08T12:04:26 IST" name="SanitySuite" finished-at="2023-03-08T12:04:57 IST" duration-ms="31246">
    <groups>
    </groups>
    <test started-at="2023-03-08T12:04:26 IST" name="HighPriorityTest" finished-at="2023-03-08T12:04:36 IST" duration-ms="10605">
      <class name="com.saucedemo.TestPack.TC01_VerifyLoginFunctionality">
        <test-method is-config="true" signature="beforeClass(java.lang.String)[pri:0, instance:com.saucedemo.TestPack.TC01_VerifyLoginFunctionality@6eda5c9]" started-at="2023-03-08T12:04:26 IST" name="beforeClass" finished-at="2023-03-08T12:04:30 IST" duration-ms="4612" status="PASS">
          <params>
            <param index="0">
              <value>
                <![CDATA[chrome]]>
              </value>
            </param>
          </params>
          <reporter-output>
          </reporter-output>
        </test-method> <!-- beforeClass -->
        <test-method is-config="true" signature="setUp()[pri:0, instance:com.saucedemo.TestPack.TC01_VerifyLoginFunctionality@6eda5c9]" started-at="2023-03-08T12:04:30 IST" name="setUp" finished-at="2023-03-08T12:04:31 IST" duration-ms="558" status="PASS">
          <reporter-output>
          </reporter-output>
        </test-method> <!-- setUp -->
        <test-method signature="verifyLoginFunctionality()[pri:1, instance:com.saucedemo.TestPack.TC01_VerifyLoginFunctionality@6eda5c9]" started-at="2023-03-08T12:04:31 IST" name="verifyLoginFunctionality" finished-at="2023-03-08T12:04:31 IST" duration-ms="12" status="PASS">
          <reporter-output>
          </reporter-output>
        </test-method> <!-- verifyLoginFunctionality -->
        <test-method is-config="true" signature="tearDown()[pri:0, instance:com.saucedemo.TestPack.TC01_VerifyLoginFunctionality@6eda5c9]" started-at="2023-03-08T12:04:31 IST" name="tearDown" finished-at="2023-03-08T12:04:31 IST" duration-ms="222" status="PASS">
          <reporter-output>
          </reporter-output>
        </test-method> <!-- tearDown -->
        <test-method is-config="true" signature="afterClass()[pri:0, instance:com.saucedemo.TestPack.TC01_VerifyLoginFunctionality@6eda5c9]" started-at="2023-03-08T12:04:31 IST" name="afterClass" finished-at="2023-03-08T12:04:31 IST" duration-ms="293" status="PASS">
          <reporter-output>
          </reporter-output>
        </test-method> <!-- afterClass -->
      </class> <!-- com.saucedemo.TestPack.TC01_VerifyLoginFunctionality -->
      <class name="com.saucedemo.TestPack.TC02_VerifyBagPrdtAddToCartFunctionality">
        <test-method is-config="true" signature="beforeClass(java.lang.String)[pri:0, instance:com.saucedemo.TestPack.TC02_VerifyBagPrdtAddToCartFunctionality@333291e3]" started-at="2023-03-08T12:04:31 IST" name="beforeClass" finished-at="2023-03-08T12:04:35 IST" duration-ms="3712" status="PASS">
          <params>
            <param index="0">
              <value>
                <![CDATA[chrome]]>
              </value>
            </param>
          </params>
          <reporter-output>
          </reporter-output>
        </test-method> <!-- beforeClass -->
        <test-method is-config="true" signature="setUp()[pri:0, instance:com.saucedemo.TestPack.TC02_VerifyBagPrdtAddToCartFunctionality@333291e3]" started-at="2023-03-08T12:04:35 IST" name="setUp" finished-at="2023-03-08T12:04:36 IST" duration-ms="626" status="PASS">
          <reporter-output>
          </reporter-output>
        </test-method> <!-- setUp -->
        <test-method signature="verifyBagPrdtAddToCartFunctionality()[pri:0, instance:com.saucedemo.TestPack.TC02_VerifyBagPrdtAddToCartFunctionality@333291e3]" started-at="2023-03-08T12:04:36 IST" name="verifyBagPrdtAddToCartFunctionality" finished-at="2023-03-08T12:04:36 IST" duration-ms="88" status="PASS">
          <reporter-output>
          </reporter-output>
        </test-method> <!-- verifyBagPrdtAddToCartFunctionality -->
        <test-method is-config="true" signature="tearDown()[pri:0, instance:com.saucedemo.TestPack.TC02_VerifyBagPrdtAddToCartFunctionality@333291e3]" started-at="2023-03-08T12:04:36 IST" name="tearDown" finished-at="2023-03-08T12:04:36 IST" duration-ms="210" status="PASS">
          <reporter-output>
          </reporter-output>
        </test-method> <!-- tearDown -->
        <test-method is-config="true" signature="afterClass()[pri:0, instance:com.saucedemo.TestPack.TC02_VerifyBagPrdtAddToCartFunctionality@333291e3]" started-at="2023-03-08T12:04:36 IST" name="afterClass" finished-at="2023-03-08T12:04:36 IST" duration-ms="236" status="PASS">
          <reporter-output>
          </reporter-output>
        </test-method> <!-- afterClass -->
      </class> <!-- com.saucedemo.TestPack.TC02_VerifyBagPrdtAddToCartFunctionality -->
    </test> <!-- HighPriorityTest -->
    <test started-at="2023-03-08T12:04:36 IST" name="lowPriorityTest" finished-at="2023-03-08T12:04:57 IST" duration-ms="20616">
      <class name="com.saucedemo.TestPack.TC03_VerifyAllPrdtAddToCartFunctionality">
        <test-method is-config="true" signature="beforeClass(java.lang.String)[pri:0, instance:com.saucedemo.TestPack.TC03_VerifyAllPrdtAddToCartFunctionality@5b239d7d]" started-at="2023-03-08T12:04:36 IST" name="beforeClass" finished-at="2023-03-08T12:04:43 IST" duration-ms="7257" status="PASS">
          <params>
            <param index="0">
              <value>
                <![CDATA[firefox]]>
              </value>
            </param>
          </params>
          <reporter-output>
          </reporter-output>
        </test-method> <!-- beforeClass -->
        <test-method is-config="true" signature="setUp()[pri:0, instance:com.saucedemo.TestPack.TC03_VerifyAllPrdtAddToCartFunctionality@5b239d7d]" started-at="2023-03-08T12:04:43 IST" name="setUp" finished-at="2023-03-08T12:04:44 IST" duration-ms="516" status="PASS">
          <reporter-output>
          </reporter-output>
        </test-method> <!-- setUp -->
        <test-method signature="verifyBagPrdtAddToCartFunctionality()[pri:0, instance:com.saucedemo.TestPack.TC03_VerifyAllPrdtAddToCartFunctionality@5b239d7d]" started-at="2023-03-08T12:04:44 IST" name="verifyBagPrdtAddToCartFunctionality" finished-at="2023-03-08T12:04:45 IST" duration-ms="1426" status="PASS">
          <reporter-output>
          </reporter-output>
        </test-method> <!-- verifyBagPrdtAddToCartFunctionality -->
        <test-method is-config="true" signature="tearDown()[pri:0, instance:com.saucedemo.TestPack.TC03_VerifyAllPrdtAddToCartFunctionality@5b239d7d]" started-at="2023-03-08T12:04:45 IST" name="tearDown" finished-at="2023-03-08T12:04:46 IST" duration-ms="499" status="PASS">
          <reporter-output>
          </reporter-output>
        </test-method> <!-- tearDown -->
        <test-method is-config="true" signature="afterClass()[pri:0, instance:com.saucedemo.TestPack.TC03_VerifyAllPrdtAddToCartFunctionality@5b239d7d]" started-at="2023-03-08T12:04:46 IST" name="afterClass" finished-at="2023-03-08T12:04:47 IST" duration-ms="1130" status="PASS">
          <reporter-output>
          </reporter-output>
        </test-method> <!-- afterClass -->
      </class> <!-- com.saucedemo.TestPack.TC03_VerifyAllPrdtAddToCartFunctionality -->
      <class name="com.saucedemo.TestPack.TC04_VerifyLogoutFunctionality">
        <test-method is-config="true" signature="beforeClass(java.lang.String)[pri:0, instance:com.saucedemo.TestPack.TC04_VerifyLogoutFunctionality@6572421]" started-at="2023-03-08T12:04:47 IST" name="beforeClass" finished-at="2023-03-08T12:04:55 IST" duration-ms="7822" status="PASS">
          <params>
            <param index="0">
              <value>
                <![CDATA[firefox]]>
              </value>
            </param>
          </params>
          <reporter-output>
          </reporter-output>
        </test-method> <!-- beforeClass -->
        <test-method is-config="true" signature="setUp()[pri:0, instance:com.saucedemo.TestPack.TC04_VerifyLogoutFunctionality@6572421]" started-at="2023-03-08T12:04:55 IST" name="setUp" finished-at="2023-03-08T12:04:55 IST" duration-ms="514" status="PASS">
          <reporter-output>
          </reporter-output>
        </test-method> <!-- setUp -->
        <test-method signature="verifyLogoutFunctionality()[pri:0, instance:com.saucedemo.TestPack.TC04_VerifyLogoutFunctionality@6572421]" started-at="2023-03-08T12:04:55 IST" name="verifyLogoutFunctionality" finished-at="2023-03-08T12:04:55 IST" duration-ms="1" status="PASS">
          <reporter-output>
          </reporter-output>
        </test-method> <!-- verifyLogoutFunctionality -->
        <test-method is-config="true" signature="tearDown()[pri:0, instance:com.saucedemo.TestPack.TC04_VerifyLogoutFunctionality@6572421]" started-at="2023-03-08T12:04:55 IST" name="tearDown" finished-at="2023-03-08T12:04:56 IST" duration-ms="472" status="PASS">
          <reporter-output>
          </reporter-output>
        </test-method> <!-- tearDown -->
        <test-method is-config="true" signature="afterClass()[pri:0, instance:com.saucedemo.TestPack.TC04_VerifyLogoutFunctionality@6572421]" started-at="2023-03-08T12:04:56 IST" name="afterClass" finished-at="2023-03-08T12:04:57 IST" duration-ms="968" status="PASS">
          <reporter-output>
          </reporter-output>
        </test-method> <!-- afterClass -->
      </class> <!-- com.saucedemo.TestPack.TC04_VerifyLogoutFunctionality -->
    </test> <!-- lowPriorityTest -->
  </suite> <!-- SanitySuite -->
</testng-results>
