<?xml version="1.0" encoding="UTF-8"?>
<!-- Generated by org.testng.reporters.JUnitXMLReporter -->
<testsuite ignored="0" hostname="LAPTOP-C7CDLECM" failures="0" tests="2" name="HighPriorityTest" time="10.605" errors="0" timestamp="2023-03-08T12:04:36 IST">
  <testcase classname="com.saucedemo.TestPack.TC01_VerifyLoginFunctionality" name="verifyLoginFunctionality" time="0.012"/>
  <testcase classname="com.saucedemo.TestPack.TC02_VerifyBagPrdtAddToCartFunctionality" name="verifyBagPrdtAddToCartFunctionality" time="0.088"/>
</testsuite> <!-- HighPriorityTest -->
