<?xml version="1.0" encoding="UTF-8"?>
<!-- Generated by org.testng.reporters.JUnitXMLReporter -->
<testsuite ignored="0" hostname="LAPTOP-C7CDLECM" failures="0" tests="2" name="lowPriorityTest" time="20.616" errors="0" timestamp="2023-03-08T12:04:57 IST">
  <testcase classname="com.saucedemo.TestPack.TC03_VerifyAllPrdtAddToCartFunctionality" name="verifyBagPrdtAddToCartFunctionality" time="1.426"/>
  <testcase classname="com.saucedemo.TestPack.TC04_VerifyLogoutFunctionality" name="verifyLogoutFunctionality" time="0.001"/>
</testsuite> <!-- lowPriorityTest -->
